Are my devices experiencing consistently high or low CPU utilization?
O   O  O       O            O            O    O  O   O   O            
Are my devices experiencing consistently high or low Memory utilization?
O   O  O       O            O            O    O  O   O      O            
Are there patterns of increased CPU usage during specific time periods?
O   O     O        O  O         O   O     O      O        O    O        
Are there specific times of the day that experience spikes in network traffic?
O   O     O        O     O  O   O   O    O          O      O  O       O        
Are there any drops in network over the last x months?
O   O     O   O     O  O       O    O   O    O O       
When were peak drops (errors or discards) over the last x months?
O    O    O    O     O       O  O         O    O   O    O O       
What was the bandwidth utilization during the peak drops?
O    O   O   O         O           O      O   O    O      
Can you provide the timeline where the network utilization has peak usage in the last x months categorized by HWSKU?
O   O   O       O   O        O     O   O       O           O   O    O     O  O   O    O O      O           O  O      
Can you provide the timeline where the network errors were at the peak in the last x months categorized by HWSKU?
O   O   O       O   O        O     O   O       O      O    O  O   O    O  O   O    O O      O           O  O      
Which HWSKU is contributing to the maximum network utilization over the last x months?
O     O     O  O            O  O   O       O       O           O    O   O    O O       
Are there specific times of the day that experience spikes in network traffic?
O   O     O        O     O  O   O   O    O          O      O  O       O        
Are there devices generating a significantly high number of packits?
O   O     O       O          O O             O    O      O  O        
Which device is generating a significantly high number of packets?
O     O      O  O          O O             O    O      O  O        
How many network packets are being sent by my devices?
O   O    O       O       O   O     O    O  O  O        
Are there devices generating a significantly high number of packets?
O   O     O       O          O O             O    O      O  O        
How many network devices are there in my deployment?
O   O    O       O       O   O     O  O  O           
How many os versions are there?
O   O    O  O        O   O      
How many HWSKUs are there in the network?
O   O    O      O   O     O  O   O        
How many devices are there in my deployment?
O   O    O       O   O     O  O  O           
How many regions are there?
O   O    O       O   O      
How many network packets are being sent by my devices?
O   O    O       O       O   O     O    O  O  O        
How many network packets are being sent by my device?
O   O    O       O       O   O     O    O  O  O       
What is the overall capacity of my network fabric?
O    O  O   O       O        O  O  O       O       
How many roles are there in my network?
O   O    O     O   O     O  O  O        
Which devices are receiving or transmitting unusually large amounts of data?
O     O       O   O         O  O            O         O     O       O  O     
Which HWSKU & NOS had major discards or errors?
O     O     O O   O   O     O        O  O       
Which os versions are there in my network?
O     O  O        O   O     O  O  O        
which HWSKUs are there?
O     O      O   O      
which os versions are there in the region?
O     O  O        O   O     O  O   O       
Which roles are there in my network?
O     O     O   O     O  O  O        
